{
  "stats": {
    "suites": 1,
    "tests": 4,
    "passes": 4,
    "pending": 0,
    "failures": 0,
    "start": "2021-11-21T18:16:18.799Z",
    "end": "2021-11-21T18:16:20.254Z",
    "duration": 1455,
    "testsRegistered": 4,
    "passPercent": 100,
    "pendingPercent": 0,
    "other": 0,
    "hasOther": false,
    "skipped": 0,
    "hasSkipped": false
  },
  "results": [
    {
      "uuid": "92cd4b0e-f021-4ebd-9e42-6e93a0e67c4f",
      "title": "",
      "fullFile": "cypress/integration/locators.spec.js",
      "file": "cypress/integration/locators.spec.js",
      "beforeHooks": [],
      "afterHooks": [],
      "tests": [],
      "suites": [
        {
          "uuid": "6c9e19f7-831f-430c-9f46-d6f10ce62835",
          "title": "Locators",
          "fullFile": "",
          "file": "",
          "beforeHooks": [],
          "afterHooks": [],
          "tests": [
            {
              "title": "locating elements with get",
              "fullTitle": "Locators locating elements with get",
              "timedOut": null,
              "duration": 902,
              "state": "passed",
              "speed": "slow",
              "pass": true,
              "fail": false,
              "pending": false,
              "context": null,
              "code": "// Get all elements by tag name\ncy.get(\"button\"); // Get all elements by className\ncy.get(\".btn-with-class\"); // Get all elements by className\ncy.get(\"#btn-with-id\"); // Get all elements with specific classes\ncy.get(\"[class='Elements-btn btn-with-class']\");\ncy.get(\"[class='Elements-btn btn-with-class more-btn-classes']\"); // Get all elements by specific attribute\ncy.get(\"[type='submit']\"); // Get all elements by tag name AND class\ncy.get(\"button.btn-with-class\"); // Get all elements by tag name AND class and id \ncy.get(\"button.Elements-btn#btn-with-id\"); // Get all elements by tag name AND class and type attribute\ncy.get(\"button.Elements-btn[type='submit']\"); // Get all elements with specific data test id\ncy.get(\"[data-cy='btn-id-1']\");",
              "err": {},
              "uuid": "bfafe741-4243-48b5-b364-98d42b04967a",
              "parentUUID": "6c9e19f7-831f-430c-9f46-d6f10ce62835",
              "isHook": false,
              "skipped": false
            },
            {
              "title": "locating elements with contain",
              "fullTitle": "Locators locating elements with contain",
              "timedOut": null,
              "duration": 222,
              "state": "passed",
              "speed": "slow",
              "pass": true,
              "fail": false,
              "pending": false,
              "context": null,
              "code": "// Get element by text\ncy.contains(\"Unique Text\"); // Get element by text\ncy.contains(\"Not Unique Text\"); // Combine get with contains\ncy.get(\"[type='submit']\").contains(\"Not Unique Text\"); // Get element by tag name and text\ncy.contains(\"[type='submit']\", \"Not Unique Text\"); // Get element by descent and text \ncy.contains(\"span\", \"Not Unique Text\");\ncy.contains(\"form\", \"Not Unique Text\");\ncy.get(\"form\").contains(\"Not Unique Text\");",
              "err": {},
              "uuid": "eac4ca20-21fb-4900-97a2-17e8ce08efc1",
              "parentUUID": "6c9e19f7-831f-430c-9f46-d6f10ce62835",
              "isHook": false,
              "skipped": false
            },
            {
              "title": "locating elements with find",
              "fullTitle": "Locators locating elements with find",
              "timedOut": null,
              "duration": 131,
              "state": "passed",
              "speed": "slow",
              "pass": true,
              "fail": false,
              "pending": false,
              "context": null,
              "code": "cy.get(\"#form-1\").find(\".btn-1\");",
              "err": {},
              "uuid": "ac333702-d4de-49ca-8f19-1e7c348ad278",
              "parentUUID": "6c9e19f7-831f-430c-9f46-d6f10ce62835",
              "isHook": false,
              "skipped": false
            },
            {
              "title": "locating elements with custom commands",
              "fullTitle": "Locators locating elements with custom commands",
              "timedOut": null,
              "duration": 157,
              "state": "passed",
              "speed": "slow",
              "pass": true,
              "fail": false,
              "pending": false,
              "context": null,
              "code": "// Get all elements by tag\ncy.getByTag(\"button\");",
              "err": {},
              "uuid": "13960611-ced3-46ab-8c0e-de5b4a9d0428",
              "parentUUID": "6c9e19f7-831f-430c-9f46-d6f10ce62835",
              "isHook": false,
              "skipped": false
            }
          ],
          "suites": [],
          "passes": [
            "bfafe741-4243-48b5-b364-98d42b04967a",
            "eac4ca20-21fb-4900-97a2-17e8ce08efc1",
            "ac333702-d4de-49ca-8f19-1e7c348ad278",
            "13960611-ced3-46ab-8c0e-de5b4a9d0428"
          ],
          "failures": [],
          "pending": [],
          "skipped": [],
          "duration": 1412,
          "root": false,
          "rootEmpty": false,
          "_timeout": 2000
        }
      ],
      "passes": [],
      "failures": [],
      "pending": [],
      "skipped": [],
      "duration": 0,
      "root": true,
      "rootEmpty": true,
      "_timeout": 2000
    }
  ],
  "meta": {
    "mocha": {
      "version": "7.0.1"
    },
    "mochawesome": {
      "options": {
        "quiet": false,
        "reportFilename": "mochawesome",
        "saveHtml": true,
        "saveJson": true,
        "consoleReporter": "spec",
        "useInlineDiffs": false,
        "code": true
      },
      "version": "7.0.1"
    },
    "marge": {
      "options": null,
      "version": "6.0.1"
    }
  }
}